1
2
2
4
5
6
7
8
9
9
11
11
13
14
15
16
17
17
19
20
21
22
23
23
25
26
27
28
29
30
31
32
33
34
35
36
37
38
39
40
40
42
43
44
45
46
47
48
49
50
51
51
53
54
55
56
57
58
59
60
61
62
63
64
65
66
66
66
66
70
70
70
73
74
75
76
77
78
79
80
81
82
83
84
85
85
85
88
88
90
91
91
91
94
95
96
97
98
99
100
101
102
103
104
104
106
106
108
109
110
111
112
113
114
115
116
117
118
119
120
121
122
123
124
125
126
127
128
129
130
131
131
133
134
135
136
137
138
139
140
141
142
143
144
145
146
147
147
149
150
149
150
151
152
153
152
152
154
154
156
157
158
159
160
160
162
163
164
165
166
167
168
168
170
171
172
173
174
175
176
177
177
179
180
181
182
183
184
185
186
187
188
189
190
191
192
192
192
195
196
197
198
199
200
201
202
203
204
205
206
207
208
209
210
210
212
213
214
215
216
217
218
219
220
220
220
223
224
225
225
227
228
229
230
231
231
233
234
235
236
237
238
239
240
241
242
243
243
245
246
247
248
249
250
251
252
253
254
255
256
257
258
259
260
261
262
263
264
265
266
267
268
269
270
271
271
271
271
275
276
276
278
279
280
280
282
282
284
285
286
287
288
289
290
291
292
293
294
295
296
297
298
299
300
301
302
303
304
304
306
306
308
308
310
310
310
313
314
315
315
317
318
319
320
321
322
323
324
325
325
327
328
329
330
331
332
333
334
335
336
337
338
339
340
341
342
343
344
345
345
347
347
347
350
351
352
353
354
355
356
357
358
359
360
361
362
362
364
365
366
367
368
369
370
371
372
373
374
375
375
375
378
379
380
381
382
383
384
385
386
387
387
389
390
391
392
393
394
394
396
397
398
399
400
401
402
403
403
405
405
407
408
409
410
411
412
413
414
415
416
417
418
419
420
421
422
423
424
425
426
427
428
429
430
431
432
433
433
435
436
437
438
439
440
441
442
443
443
445
446
447
448
449
450
451
452
453
454
454
456
456
458
459
460
461
462
463
464
465
466
467
468
468
470
471
472
472
474
475
476
477
478
479
480
481
482
483
484
484
486
487
488
489
490
491
491
493
494
495
496
497
498
499
500
501
502
503
504
505
506
507
508
509
510
511
512
513
514
514
516
517
518
519
520
521
522
523
523
525
526
527
528
529
529
531
532
533
534
535
536
537
538
538
540
541
542
543
543
545
546
547
548
548
550
551
552
553
554
554
556
557
558
559
560
561
562
563
564
565
566
567
568
569
569
571
572
573
574
575
576
577
578
579
580
580
580
583
584
584
586
586
588
589
590
591
592
593
594
595
596
597
598
599
599
601
602
603
604
605
606
607
608
609
610
611
612
612
614
615
615
617
618
619
620
621
622
623
624
625
626
627
628
629
630
630
632
633
634
635
635
635
637
637
637
637
638
642
644
645
646
647
648
648
650
651
652
653
654
655
656
657
658
659
659
661
662
662
662
662
666
667
668
669
670
671
672
673
674
675
676
677
677
679
680
681
682
683
684
685
686
687
688
689
689
691
691
693
694
695
696
697
698
699
700
700
702
703
704
705
706
706
708
709
710
711
712
713
714
715
716
717
718
719
720
721
722
723
724
724
726
727
728
729
730
731
732
733
733
735
736
737
738
739
740
741
742
743
744
745
746
746
748
749
750
751
751
753
754
755
756
757
758
759
760
761
762
762
764
765
766
766
768
769
770
771
772
773
774
774
776
777
778
779
779
781
781
783
783
783
786
787
788
789
789
791
792
793
794
795
796
797
798
798
800
801
802
803
804
805
806
807
808
809
810
811
812
813
814
814
814
817
818
819
820
821
822
823
824
825
825
827
828
829
830
830
832
833
834
835
835
837
838
839
840
841
842
843
844
845
846
847
848
849
850
851
852
853
854
855
856
857
858
859
860
861
862
863
864
865
866
867
868
869
870
871
872
872
874
875
876
877
878
879
880
881
882
883
884
885
885
885
888
889
890
891
892
893
894
895
896
897
898
899
900
901
902
903
904
905
905
907
908
909
910
911
912
913
914
915
916
916
918
919
920
921
922
922
924
925
926
927
928
929
930
930
932
933
934
935
936
937
938
939
940
941
942
943
944
945
946
947
948
949
949
951
952
953
954
955
956
957
958
959
960
961
962
963
964
965
966
967
967
969
970
971
972
972
974
975
976
977
978
979
980
981
982
983
984
985
985
987
988
989
990
991
992
993
994
995
996
997
998
999
1000
1001
1002
1003
1004
1005
1005
1007
1008
1009
1010
1011
1012
1013
1014
1015
1016
1017
1018
1018
1020
1021
1022
1023
1024
1024
1024
1027
1027
1029
1030
1030
1032
1033
1033
1035
1035
1037
1038
1039
1040
1041
1042
1043
1044
1045
1046
1047
1048
1049
1050
1051
1052
1053
1054
1054
1054
1057
1057
1059
1060
1061
1062
1063
1064
1065
1066
1067
1068
1069
1069
1071
1071
1071
1074
1075
1076
1077
1078
1079
1080
1081
1082
1083
1084
1085
1086
1087
1088
1089
1090
1090
1090
1093
1094
1094
1096
1097
1098
1099
1100
1101
1102
1103
1103
1105
1105
1107
1108
1109
1110
1111
1112
1113
1114
1115
1116
1117
1118
1119
1120
1121
1122
1123
1124
1125
1126
1127
1128
1129
1130
1131
1131
1133
1134
1135
1136
1137
1138
1139
1140
1141
1142
1143
1144
1145
1146
1147
1148
1149
1150
1151
1152
1153
1153
1153
1156
1157
1158
1159
1160
1161
1162
1163
1164
1165
1166
1167
1168
1169
1170
1171
1172
1173
1174
1175
1176
1176
1178
1179
1180
1181
1182
1183
1184
1185
1186
1186
1188
1189
1190
1191
1191
1191
1194
1195
1196
1197
1198
1199
1200
1200
1200
1203
1204
1205
1206
1206
1208
1208
1210
1211
1212
1213
1214
1215
1215
1217
1217
1219
1220
1221
1222
1223
1224
1224
1226
1227
1228
1229
1230
1231
1232
1233
1234
1235
1236
1237
1238
1239
1240
1241
1242
1243
1244
1245
1246
1247
1248
1249
1250
1251
1252
1253
1254
1255
1256
1256
1258
1259
1260
1261
1261
1263
1264
1265
1266
1266
1268
1268
1268
1271
1272
1273
1274
1275
1276
1277
1278
1279
1279
1281
1282
1283
1284
1285
1286
1287
1287
1289
1290
1290
1292
1293
1293
1295
1296
1297
1298
1299
1300
1301
1302
1303
1304
1305
1306
1307
1308
1308
1310
1310
1312
1313
1314
1315
1316
1317
1318
1319
1320
1321
1322
1323
1324
1325
1325
1325
1328
1329
1330
1330
1332
1333
1334
1335
1336
1337
0
1
2
3
4
4
6
7
8
9
10
11
12
13
14
15
16
17
0
1
2
3
4
5
6
7
8
9
10
11
0
1
2
3
4
5
6
7
8
9
10
11
12
13
14
15
16
17
18
19
20
21
22
22
24
25
26
27
28
29
30
31
32
33
34
35
36
37
38
39
40
41
42
43
44
45
46
47
48
49
50
51
52
52
54
55
56
57
58
59
60
61
62
62
64
65
66
67
68
69
70
71
72
73
74
75
76
77
77
79
80
81
82
83
84
85
86
87
88
89
90
91
92
93
94
94
96
96
98
99
100
101
102
103
104
105
105
107
108
109
110
111
112
113
114
115
116
117
118
119
119
119
122
123
124
124
126
127
128
128
130
130
132
133
134
135
136
137
138
139
140
141
141
143
144
145
146
147
148
149
150
151
152
153
154
155
156
157
158
159
160
161
162
163
164
165
166
167
168
169
170
171
172
173
174
175
176
177
178
179
180
181
182
183
184
185
186
187
187
189
190
191
192
193
194
195
196
197
198
199
200
201
202
203
204
205
206
207
208
209
210
211
212
213
214
215
216
217
218
219
220
221
222
223
223
225
226
227
228
229
230
231
232
233
234
235
236
237
238
239
239
241
242
243
244
245
246
247
248
249
250
251
252
253
254
255
256
257
258
259
260
261
262
263
264
264
266
267
268
268
270
271
272
273
274
275
276
276
278
278
280
281
282
283
284
285
286
287
288
289
290
291
292
293
294
295
295
297
298
299
300
301
302
303
304
305
306
307
308
309
309
311
312
313
314
315
316
317
318
319
320
321
322
323
324
325
326
326
328
329
329
331
332
332
334
335
336
337
337
339
340
341
342
342
344
344
346
347
348
349
350
351
352
353
354
355
356
357
358
359
360
361
362
363
364
364
364
367
368
368
370
371
372
373
374
375
376
377
378
379
380
381
381
383
384
385
385
387
388
389
390
391
392
393
394
395
396
397
398
399
400
401
402
402
404
405
406
407
408
409
410
411
412
412
412
415
415
417
418
419
420
421
422
423
424
425
426
426
428
428
430
431
432
433
434
435
436
437
438
439
440
441
442
442
444
445
446
447
448
449
450
451
452
453
454
455
456
457
458
459
460
461
462
463
464
465
466
467
468
469
470
471
472
472
474
475
476
477
478
479
480
481
482
483
484
485
486
487
488
489
490
491
492
493
493
495
496
497
498
499
500
500
502
503
504
505
506
507
508
509
510
511
512
513
514
515
516
517
518
519
520
521
522
523
524
525
526
527
528
529
530
531
532
533
534
535
535
537
538
539
540
541
541
543
544
545
546
547
548
548
550
551
552
553
554
555
556
557
558
558
560
561
562
563
564
565
566
567
568
569
570
571
571
573
574
575
576
577
578
579
579
581
582
583
583
585
586
587
588
589
590
591
592
593
594
595
596
597
598
599
600
601
602
603
604
605
605
607
607
609
610
611
612
613
614
615
616
617
618
619
620
621
622
623
624
625
626
627
628
629
630
631
632
633
634
635
636
636
638
639
640
641
642
643
643
644
646
647
648
649
650
651
651
653
654
655
656
657
658
658
660
661
661
663
664
665
666
667
668
669
670
671
672
673
674
674
676
677
678
679
680
681
682
683
684
685
686
687
688
688
690
691
692
693
694
695
695
697
698
699
700
701
702
703
704
705
706
707
708
709
710
711
712
713
712
713
714
715
716
717
718
719
720
721
721
723
724
725
726
727
728
729
730
731
732
733
734
735
735
737
738
739
740
740
742
743
744
745
746
747
748
749
750
751
752
753
754
755
756
757
758
759
760
761
762
763
764
765
766
767
767
769
770
771
772
773
774
775
776
777
778
779
780
781
782
783
784
785
786
787
788
789
790
791
792
793
794
795
796
797
798
799
800
801
802
803
804
805
806
807
808
809
810
811
812
813
814
815
816
817
817
819
820
821
822
823
824
824
826
827
828
829
830
831
831
833
834
835
836
837
838
839
840
841
842
843
844
845
846
846
846
849
850
851
851
853
854
855
856
856
858
859
860
861
861
863
864
865
866
867
868
869
870
871
872
873
874
875
876
877
878
879
880
881
882
883
884
885
886
887
888
889
890
890
892
893
894
895
896
897
898
899
899
901
902
903
904
905
905
905
908
909
910
910
912
913
914
915
916
917
918
919
920
921
922
923
924
925
925
927
928
928
930
931
932
933
934
935
936
937
938
939
940
940
942
942
944
945
946
946
948
949
950
951
952
953
954
955
956
957
958
959
960
961
962
963
964
964
966
967
968
969
970
971
972
973
974
975
976
976
978
979
980
980
982
983
984
985
985
987
988
989
990
991
991
993
994
994
996
997
998
999
0
1
2
3
4
4
6
7
8
9
10
11
12
13
13
15
16
17
18
18
20
21
22
23
24
24
26
27
28
29
29
31
32
33
34
35
36
37
38
39
40
41
42
43
44
45
46
47
48
49
50
51
51
53
54
55
56
57
58
59
60
61
62
63
64
65
66
67
68
69
70
71
72
73
74
75
76
77
78
79
79
81
82
83
84
85
86
87
88
89
90
91
92
93
93
95
95
97
98
99
100
100
102
103
103
105
106
107
108
109
110
111
112
113
114
114
116
117
118
119
120
121
122
123
124
125
126
127
128
129
130
131
132
133
134
135
136
137
138
139
140
141
141
143
144
145
146
147
148
149
150
151
151
153
154
155
156
157
158
159
160
160
162
163
164
165
166
167
168
169
170
171
172
173
174
174
176
176
178
179
180
181
182
183
184
185
186
187
187
189
190
191
192
193
193
195
195
197
197
199
200
201
202
203
203
205
206
207
208
209
210
211
212
213
214
215
216
217
217
219
219
221
222
223
224
225
226
227
228
229
230
231
232
233
234
235
236
237
238
239
240
241
242
242
244
245
246
247
248
249
250
251
252
252
254
255
255
257
258
259
260
261
262
263
264
265
266
266
268
269
270
271
272
273
274
275
276
277
278
279
280
280
280
280
284
285
286
287
288
289
290
290
292
293
294
295
296
297
298
299
300
301
302
303
304
305
306
306
308
309
310
311
312
313
314
315
316
317
318
319
320
321
322
322
324
324
326
326
328
329
330
331
332
333
334
335
336
336
338
339
340
341
342
342
344
345
346
347
348
349
350
351
352
353
353
353
356
357
358
359
360
360
362
363
364
365
366
367
368
369
370
371
372
373
374
375
376
377
378
379
380
381
382
383
384
384
386
387
388
389
390
391
392
393
394
395
396
397
398
399
400
401
402
402
404
404
406
406
408
409
410
411
412
413
414
415
416
417
418
419
419
421
422
423
424
425
425
427
428
429
430
431
432
433
434
435
435
437
438
439
440
441
442
443
444
445
446
447
448
449
450
451
452
452
454
455
456
457
458
458
460
461
462
463
463
465
465
467
468
469
470
471
472
473
474
474
476
477
478
478
480
481
481
483
484
485
486
487
487
489
490
490
492
493
494
495
496
497
498
498
500
501
502
503
504
505
506
506
508
509
509
511
512
513
514
515
516
517
518
519
520
521
521
522
524
525
526
527
527
529
530
531
532
532
534
535
536
537
537
539
540
541
542
542
544
545
546
547
548
549
550
551
552
553
554
555
555
557
558
559
560
561
562
562
564
565
565
567
568
568
570
571
572
573
574
575
576
576
578
578
580
581
582
582
584
585
586
587
588
589
590
591
592
593
594
595
596
597
598
599
600
601
601
603
604
605
606
607
608
609
610
611
611
613
614
615
616
617
618
619
620
621
622
622
624
625
626
627
628
629
630
631
632
632
634
635
636
637
638
639
640
641
642
643
644
645
646
647
648
649
650
651
652
653
653
653
656
657
658
659
660
661
662
663
664
665
666
667
668
669
670
671
672
673
674
675
676
677
678
679
680
680
682
683
684
685
686
686
688
689
690
691
691
693
694
695
696
697
698
698
700
701
702
703
703
705
706
707
708
709
710
711
712
712
714
715
716
717
718
719
720
721
722
723
723
725
726
727
728
729
730
731
732
733
734
735
736
737
738
739
740
741
742
743
744
745
746
747
748
749
750
751
752
753
754
755
755
757
758
759
760
761
762
763
764
765
766
767
768
769
770
771
772
772
774
775
776
777
778
779
779
781
781
783
784
785
786
787
788
789
790
790
792
793
794
794
796
797
798
799
800
801
802
803
804
805
806
807
808
809
810
811
812
813
814
815
816
816
818
819
820
821
822
823
824
825
825
827
828
829
830
831
831
833
834
835
836
837
837
839
840
840
842
843
844
845
846
847
848
849
850
851
852
853
853
855
856
857
858
859
860
861
862
863
864
865
866
867
868
869
870
871
872
873
874
875
876
877
878
879
880
881
882
883
884
885
885
887
888
888
890
890
892
893
894
895
896
897
898
899
900
901
902
903
904
905
906
907
908
909
909
911
911
913
914
915
916
917
918
919
920
921
922
923
924
925
926
927
928
929
930
931
932
933
934
935
936
937
938
939
940
941
942
943
944
944
946
947
948
949
950
951
952
953
953
955
956
957
958
959
960
961
962
963
963
963
963
967
968
969
970
971
972
973
974
975
976
976
978
979
980
980
982
983
984
985
985
987
988
988
988
991
991
993
994
994
996
997
998
999
1000
1001
0
1
2
3
4
5
6
6
8
9
10
11
12
13
14
15
16
17
18
19
20
21
22
23
23
25
26
27
28
29
30
31
32
32
34
35
36
37
38
39
40
41
42
43
43
45
46
47
48
48
50
51
52
53
54
55
56
57
58
59
60
61
62
63
64
65
65
67
68
69
70
71
72
73
74
74
76
77
78
79
80
80
82
83
84
85
86
86
88
89
90
91
92
93
94
95
95
97
98
99
100
101
101
101
104
104
106
107
108
109
110
111
111
113
114
115
116
117
118
119
120
121
122
123
124
125
126
127
128
129
130
131
132
133
134
135
136
137
138
139
140
141
141
143
144
145
146
147
148
148
150
151
152
153
154
155
156
157
158
159
160
161
162
163
164
165
166
167
168
168
170
171
172
173
174
175
175
175
175
175
175
175
175
175
175
185
186
186
188
188
190
191
192
193
193
193
196
196
198
199
199
201
202
202
204
205
206
207
208
208
210
211
212
213
214
215
216
217
217
219
219
221
222
223
224
225
225
227
228
229
230
231
232
233
234
235
236
237
238
239
240
241
242
243
244
245
246
247
248
249
249
251
252
253
254
255
256
257
258
259
259
261
262
263
264
265
266
267
268
269
270
271
272
273
273
275
276
277
278
278
280
281
282
283
284
284
286
287
288
289
289
291
292
293
294
295
296
297
297
299
300
301
301
303
304
305
306
307
308
309
310
310
312
313
314
315
316
316
318
319
320
321
322
323
324
325
326
327
328
329
329
331
332
333
333
335
336
336
338
339
340
341
342
343
344
345
345
347
348
349
350
351
352
353
354
355
356
356
358
359
360
360
362
363
364
365
366
367
368
369
370
371
372
373
374
375
376
377
378
379
380
381
382
382
384
385
386
387
388
389
390
391
391
393
394
394
396
396
398
399
400
401
402
403
404
405
405
407
408
409
410
411
412
413
413
415
416
417
418
419
420
421
421
423
424
425
426
427
428
429
430
431
432
433
434
435
436
437
438
439
440
441
442
443
444
445
446
447
447
447
450
451
452
453
454
455
456
457
458
459
460
461
462
463
464
465
466
467
468
469
469
471
472
473
474
475
476
477
478
479
480
481
482
482
483
485
486
487
488
489
490
491
492
493
494
495
496
497
498
499
500
501
502
503
504
505
506
506
508
509
510
511
512
513
514
515
516
517
517
519
520
521
522
523
524
525
526
527
528
529
530
531
531
533
534
534
536
537
538
539
539
539
541
541
544
545
545
547
548
549
550
551
552
553
554
555
556
557
557
559
560
561
562
563
564
565
566
567
568
569
570
571
572
573
574
575
576
577
578
579
580
581
582
583
584
585
585
587
588
589
590
591
592
592
592
595
596
597
598
599
600
601
602
603
604
605
606
607
608
609
610
611
612
613
614
615
616
617
618
618
620
621
622
623
624
625
626
627
628
629
630
631
632
632
634
634
636
637
638
639
640
641
642
643
644
645
646
647
648
649
650
651
651
653
654
655
655
657
658
658
660
661
662
663
664
665
666
667
668
669
670
670
672
673
674
675
676
676
676
679
679
681
682
683
684
685
685
687
688
689
690
690
692
693
694
695
696
696
698
699
700
701
702
703
704
705
706
706
708
708
708
708
712
713
714
715
716
717
718
719
720
721
722
723
724
725
726
727
728
729
730
731
732
733
734
735
735
737
738
739
740
741
742
743
744
745
746
747
748
749
750
750
752
753
754
755
756
757
758
759
760
761
762
763
764
764
766
767
768
769
770
770
770
773
774
775
776
776
776
779
780
781
782
782
784
785
785
787
788
788
790
791
792
793
794
795
796
797
797
799
800
801
802
803
804
805
806
806
808
809
809
809
812
812
814
815
815
817
818
819
820
821
821
823
823
825
826
827
828
829
830
831
832
833
834
834
836
837
838
839
840
841
842
843
844
845
846
847
848
849
850
851
852
853
854
855
856
857
858
859
859
861
862
863
864
865
866
867
868
869
870
871
872
873
874
875
876
877
878
879
880
881
882
882
884
885
885
887
888
889
890
891
892
893
894
895
896
897
898
898
900
901
902
902
904
905
906
907
908
909
910
910
912
913
914
915
915
917
918
919
919
921
921
923
924
925
926
927
928
929
930
931
932
933
933
935
936
937
937
939
939
941
942
943
944
945
946
947
948
949
950
951
951
953
953
953
956
957
958
959
960
960
962
963
964
965
966
967
968
969
970
971
972
973
974
975
976
977
978
979
980
981
982
983
984
985
985
987
988
989
989
991
992
993
993
995
996
997
998
998
1000
1001
1002
1003
1004
1005
1006
1007
1008
1009
1009
1011
1012
1013
1014
1015
1016
1017
1018
1019
1020
1021
1021
1023
1024
1025
1026
1027
1027
1029
1029
1030
1030
1030
1030
1035
1035
1037
1038
1039
1040
1040
1042
1042
1044
1045
1046
1047
1048
1048
1050
1051
1052
1053
1054
1055
1056
1057
1058
1058
1060
1061
1061
1063
1064
1065
1066
1067
1067
1069
1070
1071
1072
1073
1074
1075
1076
1077
1078
1079
1080
1081
1082
1083
1084
1085
1086
1087
1088
1089
1090
1091
1092
1093
1094
1095
1096
1097
1098
1099
1100
1101
1102
1103
1104
1105
1106
1107
1107
1109
1110
1111
1112
1113
1113
1115
1116
1117
1118
1119
1120
1121
1122
1123
1124
1125
1126
1126
1126
1129
1130
1131
1132
1133
1134
1135
1135
1137
1138
1139
1140
1141
1141
1143
1144
1145
1146
1146
1148
1149
1149
1151
1152
1153
1154
1154
1154
1157
1158
1158
1160
1161
1162
1163
1164
1165
1166
1167
1168
1169
1170
1171
1172
1173
1174
1175
1175
1177
1178
1179
1180
1181
1182
1183
1184
1185
1186
1186
1188
1189
1190
1191
1192
1193
1194
1195
1196
1197
1198
1199
1200
1201
1202
1202
1204
1205
1206
1207
1208
1209
1210
1211
1212
1213
1214
1215
1215
1217
1218
1219
1220
1221
1222
1222
1224
1225
1226
1227
1228
1229
1230
1231
1231
1233
1234
1235
1236
1237
1238
1239
1240
1241
1242
1243
1244
1245
1246
1247
1247
1249
1250
1251
1252
1253
1254
1255
1256
1257
1258
1259
1260
1261
1262
1263
1264
1265
1266
1267
1267
1269
1270
1271
1272
1273
1274
1275
1276
1277
1278
1279
1280
1281
1282
1283
1284
1285
1286
1287
1288
1289
1290
1291
1292
1293
1294
1295
1296
1297
1298
1298
1298
1298
1302
1303
1304
1305
1306
1307
1308
1309
1310
1311
1312
1313
1314
1315
1316
1317
1318
1319
1320
1321
1322
1323
1324
1325
1326
1327
1328
1329
1330
1331
1332
1333
1334
1335
1336
1337
1338
1337
1336
1335
0
1
2
3
4
5
6
7
8
9
10
11
12
13
14
15
16
17
18
19
20
21
22
23
24
25
26
27
28
29
30
31
32
33
34
35
36
37
38
39
40
41
42
43
43
45
46
47
48
49
49
49
52
53
54
55
56
57
58
59
60
61
62
63
64
65
66
67
68
69
70
71
72
73
74
75
76
77
78
79
80
81
82
83
84
85
86
87
88
89
90
91
92
93
94
95
96
97
98
99
100
101
102
103
104
105
106
107
108
109
110
110
112
113
114
115
116
117
118
119
120
121
122
123
124
125
126
127
128
129
130
131
132
133
134
135
136
137
0
1
2
2
4
5
6
7
8
9
10
11
12
13
14
15
16
17
18
19
20
21
22
23
24
25
26
27
28
29
30
31
31
31
34
35
36
37
38
39
40
41
42
43
44
45
46
47
48
48
50
51
52
53
54
55
56
57
57
58
58
61
61
63
64
65
66
67
68
69
70
71
72
73
74
75
76
77
78
79
80
81
82
83
84
85
86
87
88
89
90
91
92
93
93
95
96
97
98
99
99
99
102
103
104
105
106
107
108
108
110
110
112
113
114
115
116
117
118
119
119
121
122
123
123
125
126
127
128
129
130
131
132
133
134
135
136
136
138
139
140
141
142
143
144
145
146
147
148
149
149
151
152
153
154
155
156
157
157
159
159
161
162
162
164
164
166
167
168
169
170
170
172
173
174
174
176
177
178
179
180
180
182
183
184
185
186
187
188
189
190
191
192
193
194
195
196
197
198
198
200
201
202
203
203
205
205
207
208
208
209
211
212
213
213
215
215
217
218
219
220
221
222
223
224
224
226
227
228
228
230
231
232
233
234
235
236
236
236
238
240
241
242
243
244
245
246
246
248
249
250
251
252
253
254
254
256
256
258
259
260
261
262
263
263
265
265
267
268
268
270
270
272
273
274
275
275
277
278
279
280
281
282
283
284
285
286
287
288
289
290
291
292
293
293
293
296
297
298
299
300
301
302
303
304
305
306
307
308
309
310
311
312
313
314
315
316
317
318
319
319
321
322
323
324
325
326
327
328
329
330
331
332
333
334
335
336
337
338
339
340
341
342
343
344
345
346
347
348
349
350
351
351
353
354
355
356
357
358
359
360
361
362
363
364
365
366
367
368
369
370
371
372
373
373
375
376
377
378
379
380
381
382
383
384
385
386
387
388
389
390
391
392
392
394
395
396
396
398
399
400
401
401
403
404
405
406
407
408
409
410
411
412
412
414
415
416
417
418
418
420
421
422
422
424
425
425
427
428
429
430
431
432
433
433
435
436
437
438
439
439
441
442
442
444
445
446
447
448
449
450
451
452
453
454
455
456
457
458
459
460
461
462
463
464
464
466
467
468
469
470
471
472
473
474
474
476
476
478
478
480
481
482
483
484
485
486
487
488
489
490
490
492
493
494
495
496
497
498
499
499
501
502
503
504
505
506
507
508
509
510
511
512
513
514
515
516
517
518
519
520
521
522
523
524
525
526
527
528
529
530
531
532
533
534
535
536
537
538
539
540
541
542
543
544
545
545
547
548
549
550
551
551
553
554
555
556
557
558
559
559
561
562
563
564
565
566
567
568
569
570
571
572
573
574
575
576
577
578
579
580
581
582
583
584
585
586
587
588
589
590
591
592
593
594
595
596
597
598
599
600
601
602
603
604
605
606
607
608
609
610
611
612
613
614
615
616
617
618
619
620
621
622
623
624
625
626
627
627
629
630
631
632
633
634
635
636
637
638
639
640
641
642
643
644
645
646
647
648
649
650
651
652
653
654
655
656
657
657
659
660
661
662
663
664
665
666
667
668
669
669
671
671
673
674
675
676
677
678
679
680
681
682
683
684
685
686
687
687
689
690
691
692
693
694
695
696
697
698
699
700
701
702
703
704
705
706
707
708
709
710
711
712
713
714
715
716
717
718
719
719
721
722
723
723
725
726
727
728
729
730
731
732
733
734
735
736
737
738
739
740
740
742
743
744
745
746
747
748
749
750
750
752
753
754
755
756
757
758
759
760
761
762
763
764
765
766
766
768
769
770
771
772
773
774
774
776
777
777
779
780
781
782
783
784
785
786
787
788
789
790
791
792
793
794
795
796
797
798
799
800
801
802
803
804
805
806
807
808
809
810
811
811
813
813
815
816
817
818
819
820
821
821
821
824
825
826
827
828
829
829
831
832
833
834
835
836
837
838
839
840
841
842
843
843
845
846
847
848
849
850
851
852
853
854
854
856
857
858
858
858
861
862
863
864
865
866
867
868
869
869
871
872
873
874
875
876
877
878
879
880
881
882
883
883
885
886
887
888
888
890
890
892
893
894
895
896
897
898
899
900
901
902
902
904
905
906
906
908
909
910
911
911
911
914
915
915
917
918
919
920
921
922
923
924
924
926
926
928
928
930
931
931
933
934
935
936
937
938
939
940
940
942
943
944
944
944
947
948
949
950
951
952
953
954
955
956
957
958
959
960
961
962
963
964
965
966
967
968
969
970
971
972
973
973
975
976
977
978
979
980
981
981
983
984
984
986
986
988
989
990
991
991
993
994
995
996
997
998
999
1000
1001
0
1
2
2
4
4
4
7
8
9
9
11
12
13
14
15
16
17
18
19
19
21
22
23
24
24
26
27
27
29
30
31
32
32
34
35
36
37
38
39
40
41
42
43
44
45
46
47
48
49
50
50
52
53
54
55
56
57
58
59
60
61
62
62
64
65
66
66
68
69
70
71
71
73
74
74
76
77
78
79
80
81
82
83
84
85
86
87
88
89
89
91
92
93
94
95
96
97
97
99
100
100
102
103
104
104
106
107
108
109
110
110
112
113
114
115
115
117
118
118
118
120
122
123
123
123
123
127
128
129
130
131
132
133
134
135
136
136
138
139
139
141
142
143
144
144
146
147
148
149
150
151
152
153
153
155
156
157
158
159
160
161
162
163
164
165
166
167
168
169
170
171
172
173
174
175
176
177
178
179
180
181
182
183
183
185
186
186
188
189
190
191
191
191
194
195
196
196
196
199
200
201
202
203
204
204
206
206
208
209
210
211
211
211
214
215
215
217
218
219
220
221
222
222
224
225
226
227
228
228
230
231
232
233
234
235
235
235
238
239
240
240
242
242
244
245
245
247
248
249
250
251
252
253
254
255
256
257
258
259
260
261
262
263
264
265
266
267
267
269
270
271
272
273
274
275
276
277
278
279
280
280
282
282
284
284
284
287
288
289
290
291
292
293
294
295
296
297
298
299
300
300
302
303
304
305
306
307
308
309
310
311
312
313
314
314
316
317
318
319
320
320
322
323
324
325
326
327
328
329
330
331
332
333
334
335
336
336
338
338
338
338
342
343
344
345
346
347
348
348
350
351
352
353
354
355
356
357
358
359
360
361
362
363
363
365
366
367
368
369
370
371
372
373
374
375
376
376
378
379
380
381
382
383
384
385
386
387
388
388
390
391
392
393
394
395
396
397
398
399
400
401
402
403
404
405
406
407
408
409
410
411
412
413
414
415
416
417
418
419
420
421
422
422
424
425
426
427
428
429
430
431
431
433
434
435
436
437
438
439
440
441
442
443
444
445
446
446
448
449
450
451
452
453
454
455
456
457
457
459
460
461
462
463
464
465
466
467
467
467
470
471
472
473
474
475
476
477
478
479
480
481
482
483
484
484
486
487
488
489
489
491
491
493
493
495
495
497
498
499
500
501
502
503
504
505
505
507
508
508
508
511
512
513
514
515
516
517
518
519
520
521
522
523
524
525
525
525
528
529
530
530
532
533
534
535
536
537
538
539
540
541
542
543
544
545
546
547
547
549
550
551
552
553
554
555
556
556
558
559
560
561
562
563
563
565
566
567
568
568
570
571
572
573
574
575
576
577
578
579
580
581
582
583
584
585
586
587
588
589
590
591
592
592
594
595
596
597
598
599
600
601
602
603
604
605
605
607
608
609
610
611
612
613
614
615
616
617
618
619
620
621
622
623
624
625
626
627
627
627
630
630
632
632
634
634
636
637
638
639
640
641
642
643
644
645
646
647
648
649
650
651
651
653
654
654
656
657
658
659
659
659
662
663
663
665
666
667
668
669
670
671
672
673
674
675
676
676
678
678
680
681
682
682
684
685
686
687
688
689
690
691
692
693
694
694
696
697
698
699
700
701
702
703
704
705
706
707
708
709
710
711
711
713
714
715
715
717
718
719
720
721
722
723
724
725
725
727
728
729
730
731
732
733
734
735
736
737
738
739
740
741
742
743
743
745
746
747
748
749
750
751
752
753
754
755
756
757
758
759
759
761
762
763
763
765
766
767
768
768
770
771
772
773
774
775
775
777
778
779
780
781
782
783
784
785
786
787
787
789
790
791
791
793
794
795
796
797
798
799
800
801
802
803
803
805
806
806
808
809
810
811
812
813
814
815
816
817
818
819
820
821
822
823
823
825
826
826
828
829
830
831
832
833
833
835
836
837
838
839
840
841
842
843
844
845
846
847
848
849
850
851
852
853
854
855
856
857
858
859
860
860
862
863
864
865
866
867
868
869
869
871
872
873
874
875
876
877
878
878
880
881
882
883
884
885
886
887
888
889
890
891
892
893
894
895
896
897
898
899
900
901
902
903
904
905
906
907
908
909
909
911
911
911
914
915
916
917
918
919
920
921
922
923
924
925
926
927
928
929
930
931
932
933
934
935
936
937
938
939
940
941
942
943
944
945
946
947
948
948
948
951
952
953
953
953
956
957
958
959
960
961
962
963
964
965
966
967
968
969
970
971
972
973
974
975
975
977
978
979
980
981
982
982
984
985
986
987
988
989
990
991
992
993
994
995
996
997
998
999
1000
1001
1002
1003
1004
1005
1006
1007
1008
1008
1010
1011
1012
1013
1014
1015
1016
1016
1018
1019
1019
1019
1022
1022
1024
1024
1026
1027
1028
1029
1030
1031
1032
1032
1034
1035
1035
1037
1037
1037
1040
1041
1041
1043
1044
1045
1046
1047
1048
1048
1048
1048
1051
1053
1054
1055
1056
1057
1058
1059
1060
1060
1062
1063
1063
1063
1063
1063
1068
1069
1070
1071
1072
1072
1074
1074
1076
1077
1078
1078
1080
1081
1082
1083
1084
1085
1086
1087
1088
1088
1090
1090
1092
1093
1094
1095
1096
1097
1098
1099
1100
1101
1102
1102
1104
1104
1106
1107
1108
1109
1110
1111
1112
1112
1114
1115
1116
1117
1118
1119
1120
1120
1122
1123
1124
1125
1126
1127
1128
1129
1130
1131
1132
1133
1134
1135
1136
1137
1138
1139
1139
1141
1142
1143
1144
1145
1146
1147
1148
1148
1150
1151
1152
1153
1154
1155
1155
1157
1158
1159
1160
1161
1162
1162
1162
1165
1166
1167
1168
1168
1170
1171
1171
1173
1174
1175
1175
1177
1178
1178
1180
1181
1182
1183
1184
1185
1186
1187
1188
1189
1190
1191
1192
1192
1194
1195
1196
1197
1198
1199
1200
1201
1201
1203
1204
1205
1206
1206
1208
1208
1210
1211
1212
1213
1214
1215
1216
1217
1217
1219
1220
1221
1222
1223
1224
1225
1226
1226
1228
1229
1230
1231
1232
1233
1234
1235
1236
1236
1238
1239
1240
1241
1242
1243
1244
1245
1246
1247
1247
1249
1250
1251
1252
1253
1254
1255
1256
1257
1258
1259
1260
1261
1262
1263
1263
1265
1266
1267
1268
1269
1270
1271
1272
1273
1274
1275
1276
1276
1278
1279
1280
1281
1282
1283
1284
1284
1284
1287
1288
1289
1290
1291
1292
1293
1293
1295
1295
1297
1298
1299
1300
1301
1302
1303
1304
1305
1306
1306
1306
1309
1310
1310
1312
1313
1314
1315
1316
1317
1318
1319
1319
1321
1322
1322
1324
1325
1326
1327
1328
1328
1328
1328
1328
1328
1331
1335
1336
1337
1338
1339
1340
1340
0
1
2
3
3
5
6
7
8
9
9
9
12
13
14
14
16
17
18
18
20
20
22
23
24
25
26
27
27
29
30
30
32
33
34
34
36
37
38
39
40
41
42
43
44
45
46
47
48
49
50
51
52
52
54
55
55
57
58
59
60
61
62
63
64
65
66
67
68
69
70
71
72
73
74
75
76
77
78
79
80
81
82
83
83
85
86
87
88
89
90
91
92
93
94
95
96
97
98
99
100
101
102
103
104
105
106
107
108
108
110
111
112
113
114
115
116
117
118
119
120
121
122
123
124
125
126
127
128
128
130
131
131
133
134
135
136
137
138
139
140
141
142
143
144
145
146
147
148
148
150
151
152
153
154
155
156
157
158
159
160
161
162
163
164
164
166
166
166
169
170
170
172
173
173
175
175
177
178
179
180
181
182
183
184
185
186
187
188
189
190
191
192
193
194
195
196
196
198
199
200
201
202
203
204
205
206
206
208
209
209
211
212
213
214
215
216
217
218
219
220
221
222
223
224
225
226
227
228
229
230
231
232
233
234
235
236
237
238
239
240
240
242
242
244
245
246
246
246
249
250
251
252
253
254
255
256
257
258
259
260
261
262
263
264
265
266
267
268
269
270
271
272
273
274
275
276
277
278
279
280
281
282
283
284
285
286
287
288
288
288
291
291
293
294
295
295
297
298
299
300
301
301
303
304
305
306
307
308
309
310
311
312
313
314
315
316
317
318
319
320
321
322
323
324
325
326
327
328
329
330
331
332
333
334
335
336
337
338
339
340
341
341
343
344
345
346
347
348
349
350
351
352
353
354
355
356
357
358
359
360
361
362
363
364
365
366
367
368
369
370
371
372
373
374
375
376
377
377
379
380
381
382
383
384
385
386
387
387
389
389
391
392
393
394
395
396
397
398
399
400
401
402
403
404
405
406
406
406
409
410
411
412
413
414
415
416
417
418
419
420
421
421
423
424
425
426
427
428
429
430
431
432
433
434
435
436
437
437
439
439
441
442
443
444
445
446
447
448
449
450
450
450
450
454
454
454
457
457
459
460
461
462
463
464
465
466
467
468
469
470
471
472
473
474
475
476
477
478
479
480
481
481
483
483
485
486
486
488
489
489
491
491
493
494
495
496
497
498
499
500
501
502
503
504
505
506
507
508
509
510
511
512
513
514
514
516
517
518
519
520
521
521
523
523
525
526
527
528
529
530
531
532
533
534
535
536
537
538
539
540
540
542
543
544
545
546
547
548
549
549
551
551
553
554
555
555
557
558
559
560
561
562
563
564
565
566
567
568
569
570
571
572
573
574
575
576
577
578
579
580
581
582
583
584
585
586
587
587
587
590
590
592
592
594
595
596
597
598
599
600
601
602
603
604
605
605
607
608
609
610
611
612
613
614
615
616
617
618
619
620
621
622
623
623
625
626
626
628
629
630
631
632
633
634
635
636
637
638
639
640
641
642
643
643
645
646
647
648
649
650
651
652
653
653
655
656
657
657
659
660
660
662
663
664
664
666
666
667
669
670
671
672
672
674
675
676
677
677
679
680
681
682
683
684
685
686
687
688
689
690
691
692
693
694
695
696
697
698
698
700
701
702
703
704
705
706
707
708
709
710
711
712
713
713
715
716
717
718
719
719
721
722
723
724
725
726
727
728
729
730
731
732
733
734
735
736
737
738
738
740
741
742
743
744
745
746
747
748
749
750
751
752
753
754
755
756
757
758
759
759
761
762
763
764
765
766
767
768
769
770
771
772
772
772
775
775
777
778
779
780
781
782
783
784
785
786
787
788
789
790
791
792
793
794
795
796
796
798
799
799
801
802
803
804
805
806
807
808
809
810
811
812
813
814
815
816
817
818
819
820
821
822
823
824
825
826
826
828
829
830
830
830
833
834
835
836
837
838
839
840
841
842
843
844
845
846
847
848
849
850
851
852
853
854
855
856
857
858
858
860
861
862
863
864
865
866
867
868
869
870
871
871
873
874
875
876
876
878
879
880
881
882
883
884
885
886
887
888
889
890
891
892
893
894
895
896
897
898
899
900
901
902
903
904
905
906
907
907
909
910
911
912
913
914
915
916
917
918
918
920
921
922
923
924
925
926
927
928
929
930
931
932
933
934
935
936
937
938
939
940
940
942
943
943
945
945
947
948
949
950
951
952
953
954
955
956
957
958
959
960
961
961
961
964
965
966
967
967
967
970
971
972
973
974
975
976
977
978
979
980
981
982
983
983
985
986
987
987
989
989
991
992
993
994
995
996
997
998
999
999
1001
0
1
2
3
4
5
6
7
8
9
10
11
12
13
14
15
16
17
18
18
20
21
22
23
24
25
26
27
28
29
30
31
32
32
34
35
36
37
37
39
40
41
42
43
44
45
46
47
48
49
49
51
52
53
54
55
56
57
58
59
60
61
62
63
64
65
66
67
68
69
70
71
72
73
73
75
76
77
78
78
80
80
82
83
84
85
86
87
88
89
90
91
92
93
94
95
96
97
97
99
100
101
102
103
104
105
106
106
108
109
110
111
112
113
114
115
116
117
118
119
119
121
122
123
124
125
126
127
128
129
130
131
132
133
133
135
135
137
138
139
140
141
142
143
144
145
146
147
147
149
150
151
152
153
154
155
156
157
158
158
160
161
161
163
163
163
166
167
168
169
170
171
172
173
174
175
176
177
178
179
180
181
182
183
184
185
186
187
188
189
190
191
192
193
194
195
196
197
198
198
200
200
202
203
204
204
206
207
208
209
210
211
211
211
214
215
216
217
218
219
220
220
222
223
224
225
226
227
228
229
230
231
232
233
234
235
236
237
238
239
240
240
242
243
244
245
246
247
248
249
250
250
252
253
254
255
255
255
258
259
260
261
262
263
264
265
266
267
268
269
269
271
272
273
274
275
276
276
276
276
280
281
282
283
284
285
286
286
288
289
290
291
292
293
294
295
296
297
298
299
300
301
302
303
304
305
306
306
308
309
310
311
312
312
314
315
316
317
318
319
320
320
320
323
324
325
325
325
325
329
329
329
332
333
333
335
336
337
338
339
340
341
342
343
344
345
346
347
348
349
350
351
352
352
354
355
356
356
358
359
359
361
362
363
364
365
366
366
368
368
369
371
372
373
373
373
376
377
378
379
380
381
382
383
384
385
386
387
388
389
390
390
392
393
394
394
396
397
398
398
400
401
402
403
404
405
406
407
408
408
410
411
411
413
413
413
416
417
418
419
420
421
422
423
424
425
426
427
428
428
430
431
432
433
434
435
436
437
438
439
440
440
442
443
444
444
444
447
448
449
449
451
452
453
454
455
456
457
458
459
460
460
462
463
463
465
465
467
468
468
470
471
472
473
474
475
475
477
478
479
480
481
482
483
484
485
486
487
488
489
490
491
492
493
494
495
496
496
498
499
500
501
502
503
503
504
504
507
508
509
510
511
511
511
514
515
515
515
515
519
520
521
522
523
524
525
526
527
528
529
530
531
532
533
534
535
536
537
538
539
540
541
542
542
542
545
545
547
548
549
550
551
552
553
554
555
555
557
558
559
560
561
562
563
564
565
565
567
568
569
570
571
572
573
574
575
576
577
577
579
580
581
582
583
584
585
586
587
588
589
590
591
592
592
592
595
595
597
598
599
600
601
602
603
604
605
606
607
608
609
609
611
612
613
614
615
616
617
618
619
620
621
622
623
624
625
626
627
628
629
629
631
632
633
634
635
636
637
638
639
640
641
642
643
644
644
644
647
648
649
650
651
652
653
654
654
656
656
656
659
660
661
662
663
664
665
666
667
668
668
668
671
672
673
674
675
676
677
678
678
680
681
681
683
684
684
684
686
688
689
690
691
692
693
693
693
696
697
698
699
699
701
702
703
704
705
706
707
707
709
710
711
711
713
714
715
716
717
718
719
720
720
722
723
724
725
725
727
728
729
730
731
732
733
734
735
736
737
738
739
740
740
742
743
744
745
746
746
748
749
750
751
752
753
753
755
756
757
758
759
760
761
761
763
764
764
766
767
768
768
769
771
771
771
772
772
776
777
778
779
779
781
781
783
784
784
786
787
788
789
790
791
791
791
794
795
796
797
798
799
800
801
801
803
804
805
805
807
807
809
810
811
812
813
814
815
815
817
818
819
820
821
821
823
824
825
826
827
828
829
830
831
832
833
834
835
836
837
837
839
840
841
842
843
844
845
846
847
848
849
850
851
852
853
853
853
856
857
858
859
860
861
862
863
864
865
866
867
868
868
870
871
871
873
874
875
876
877
878
878
880
881
882
883
884
885
886
887
888
889
890
890
892
892
894
895
896
897
898
899
900
901
902
903
904
905
906
907
908
909
910
910
912
913
914
915
915
915
915
919
920
921
922
923
924
925
926
926
928
929
930
931
931
933
934
935
936
937
938
939
940
940
942
943
943
945
946
947
948
949
950
951
952
953
953
953
956
957
957
959
959
961
962
962
964
965
966
967
968
969
970
971
972
973
974
975
976
977
978
979
980
981
982
983
984
985
986
987
988
988
990
991
992
992
994
995
996
997
998
999
1000
1001
1002
1003
1004
1005
1006
1007
1008
1009
1010
1010
1012
1013
1014
1015
1016
1017
1018
1019
1020
1021
1022
1022
1024
1024
1026
1027
1028
1029
1030
1031
1031
1031
1034
1035
1036
1037
1038
1039
1040
1041
1041
1043
1044
1045
1046
1047
1048
1049
1049
1051
1052
1052
1054
1055
1056
1056
1058
1059
1060
1061
1062
1063
1064
1065
1066
1067
1068
1068
1070
1071
1072
1073
1074
1074
1074
1074
1078
1079
1080
1081
1082
1083
1084
1084
1086
1087
1088
1089
1090
1091
1092
1093
1094
1095
1096
1096
1098
1099
1100
1101
1101
1101
1104
1104
1104
1107
1107
1109
1109
1111
1112
1113
1114
1115
1116
1116
1116
1119
1120
1121
1122
1123
1124
1125
1126
1127
1128
1129
1129
1131
1131
1133
1134
1135
1136
1137
1138
1138
1140
1141
1142
1143
1144
1145
1146
1146
1148
1149
1150
1151
1152
1153
1154
1155
1155
1157
1157
1159
1160
1161
1162
1163
1164
1165
1166
1167
1167
1169
1170
1171
1172
1173
1174
1175
1176
1177
1178
1179
1180
1181
1182
1183
1184
1185
1185
1185
1188
1189
1190
1191
1191
1193
1194
1195
1196
1197
1197
1199
1200
1201
1202
1203
1204
1205
1206
1207
1208
1209
1210
1211
1212
1213
1214
1215
1216
1217
1218
1219
1220
1221
1222
1223
1224
1225
1226
1227
1227
1229
1229
1231
1231
1233
1234
1235
1236
1237
1238
1239
1240
1241
1242
1243
1244
1245
1246
1247
1247
1249
1250
1251
1252
1253
1253
1255
1256
1257
1258
1259
1260
1261
1262
1262
1264
1264
1266
1267
1268
1269
1270
1271
1272
1273
1274
1275
1275
1277
1278
1279
1280
1281
1282
1283
1284
1285
1285
1287
1288
1289
1290
1291
1292
1293
1293
1295
1296
1297
1298
1298
1300
1301
1302
1302
1304
1305
1305
1307
1308
1308
1310
1311
1312
1312
1314
1314
1316
1317
1318
1319
1320
1321
1322
1322
1322
1322
1326
1326
1328
1329
1330
1331
1332
1332
1334
1335
1335
1337
1338
1339
1340
1341
